Mono path[0] = 'C:/Users/Thinkpad User/Documents/GitHub/Interview-Simulator/Build/Interview Simulator_Data/Managed'
Mono config path = 'C:/Users/Thinkpad User/Documents/GitHub/Interview-Simulator/Build/MonoBleedingEdge/etc'
[Physics::Module] Initialized MultithreadedJobDispatcher with 7 workers.
Initialize engine version: 2022.3.15f1 (b58023a2b463)
[Subsystems] Discovering subsystems at path C:/Users/Thinkpad User/Documents/GitHub/Interview-Simulator/Build/Interview Simulator_Data/UnitySubsystems
GfxDevice: creating device client; threaded=1; jobified=1
Direct3D:
    Version:  Direct3D 11.0 [level 11.0]
    Renderer: NVIDIA GeForce GT 730M (ID=0x1290)
    Vendor:   NVIDIA
    VRAM:     986 MB
    Driver:   25.21.14.2591
Begin MonoManager ReloadAssembly
- Loaded All Assemblies, in  0.235 seconds
- Finished resetting the current domain, in  0.002 seconds
<RI> Initializing input.
<RI> Input initialized.
<RI> Initialized touch support.
UnloadTime: 1.375900 ms
Unloading 6 Unused Serialized files (Serialized files now loaded: 0)
UnloadTime: 7.559600 ms
Unloading 7 unused Assets to reduce memory usage. Loaded Objects now: 3714.
Total: 1.740200 ms (FindLiveObjects: 0.205200 ms CreateObjectMapping: 0.055200 ms MarkObjects: 1.438300 ms  DeleteObjects: 0.041200 ms)

Unloading 6 Unused Serialized files (Serialized files now loaded: 0)
UnloadTime: 12.066200 ms
Unloading 34 unused Assets to reduce memory usage. Loaded Objects now: 1546.
Total: 0.913500 ms (FindLiveObjects: 0.108100 ms CreateObjectMapping: 0.040900 ms MarkObjects: 0.700900 ms  DeleteObjects: 0.063400 ms)

Unloading 4 Unused Serialized files (Serialized files now loaded: 0)
UnloadTime: 1.678900 ms
Unloading 94 unused Assets to reduce memory usage. Loaded Objects now: 1839.
Total: 1.174800 ms (FindLiveObjects: 0.118100 ms CreateObjectMapping: 0.042300 ms MarkObjects: 0.890200 ms  DeleteObjects: 0.124000 ms)

{"question":"Mi parli un po' di lei...","answers":[{"text":"Elenca Soft Skill","points":11.01},{"text":"Elenca Pregi","points":11.02},{"text":"Elenca Difetti","points":11.03},{"text":"Vai avanti","points":11.04}],"id":66}
End folder = End
NullReferenceException: Object reference not set to an instance of an object
  at InterviewInfo.ReloadInfo () [0x00000] in <4cfa18054c30407abdac87fa3e12153d>:0 
  at QuestionPanel.SetupInterviewInfo () [0x00031] in <4cfa18054c30407abdac87fa3e12153d>:0 
  at QuestionPanel.SetupInterview () [0x0011a] in <4cfa18054c30407abdac87fa3e12153d>:0 
  at QuestionPanel.Start () [0x000db] in <4cfa18054c30407abdac87fa3e12153d>:0 

Unloading 2 Unused Serialized files (Serialized files now loaded: 0)
UnloadTime: 0.845900 ms
Unloading 109 unused Assets to reduce memory usage. Loaded Objects now: 1450.
Total: 1.636500 ms (FindLiveObjects: 0.101200 ms CreateObjectMapping: 0.040000 ms MarkObjects: 1.086400 ms  DeleteObjects: 0.408700 ms)

Unloading 4 Unused Serialized files (Serialized files now loaded: 0)
UnloadTime: 0.411800 ms
Unloading 4 unused Assets to reduce memory usage. Loaded Objects now: 3715.
Total: 1.938000 ms (FindLiveObjects: 0.207700 ms CreateObjectMapping: 0.056100 ms MarkObjects: 1.643400 ms  DeleteObjects: 0.030700 ms)

Unloading 6 Unused Serialized files (Serialized files now loaded: 0)
UnloadTime: 9.436500 ms
Unloading 35 unused Assets to reduce memory usage. Loaded Objects now: 1546.
Total: 1.196300 ms (FindLiveObjects: 0.095900 ms CreateObjectMapping: 0.038800 ms MarkObjects: 0.974700 ms  DeleteObjects: 0.086900 ms)

Unloading 4 Unused Serialized files (Serialized files now loaded: 0)
UnloadTime: 1.022800 ms
Unloading 94 unused Assets to reduce memory usage. Loaded Objects now: 1839.
Total: 0.970900 ms (FindLiveObjects: 0.102500 ms CreateObjectMapping: 0.039300 ms MarkObjects: 0.728300 ms  DeleteObjects: 0.100600 ms)

{"question":"Mi parli un po' di lei...","answers":[{"text":"Elenca Soft Skill","points":11.01},{"text":"Elenca Pregi","points":11.02},{"text":"Elenca Difetti","points":11.03},{"text":"Vai avanti","points":11.04}],"id":67}
End folder = End
NullReferenceException: Object reference not set to an instance of an object
  at InterviewInfo.ReloadInfo () [0x00000] in <4cfa18054c30407abdac87fa3e12153d>:0 
  at QuestionPanel.SetupInterviewInfo () [0x00031] in <4cfa18054c30407abdac87fa3e12153d>:0 
  at QuestionPanel.SetupInterview () [0x0011a] in <4cfa18054c30407abdac87fa3e12153d>:0 
  at QuestionPanel.Start () [0x000db] in <4cfa18054c30407abdac87fa3e12153d>:0 

Unloading 2 Unused Serialized files (Serialized files now loaded: 0)
UnloadTime: 1.013900 ms
Unloading 109 unused Assets to reduce memory usage. Loaded Objects now: 1450.
Total: 1.614100 ms (FindLiveObjects: 0.097200 ms CreateObjectMapping: 0.037600 ms MarkObjects: 1.080200 ms  DeleteObjects: 0.399000 ms)

Closing game...
Setting up 4 worker threads for Enlighten.
Memory Statistics:
[ALLOC_TEMP_TLS] TLS Allocator
  StackAllocators : 
    [ALLOC_TEMP_MAIN]
      Peak usage frame count: [0-1.0 KB]: 1208 frames, [16.0 KB-32.0 KB]: 2 frames, [128.0 KB-256.0 KB]: 6 frames, [256.0 KB-0.5 MB]: 2 frames, [2.0 MB-4.0 MB]: 1 frames
      Initial Block Size 4.0 MB
      Current Block Size 4.0 MB
      Peak Allocated Bytes 2.1 MB
      Overflow Count 0
    [ALLOC_TEMP_Background Job.worker 11]
      Initial Block Size 32.0 KB
      Current Block Size 32.0 KB
      Peak Allocated Bytes 54 B
      Overflow Count 0
    [ALLOC_TEMP_Loading.PreloadManager]
      Initial Block Size 256.0 KB
      Current Block Size 256.0 KB
      Peak Allocated Bytes 67.4 KB
      Overflow Count 36
    [ALLOC_TEMP_Background Job.worker 3]
      Initial Block Size 32.0 KB
      Current Block Size 32.0 KB
      Peak Allocated Bytes 54 B
      Overflow Count 0
    [ALLOC_TEMP_Background Job.worker 4]
      Initial Block Size 32.0 KB
      Current Block Size 32.0 KB
      Peak Allocated Bytes 54 B
      Overflow Count 0
    [ALLOC_TEMP_Background Job.worker 7]
      Initial Block Size 32.0 KB
      Current Block Size 32.0 KB
      Peak Allocated Bytes 54 B
      Overflow Count 0
    [ALLOC_TEMP_Background Job.worker 6]
      Initial Block Size 32.0 KB
      Current Block Size 32.0 KB
      Peak Allocated Bytes 54 B
      Overflow Count 0
    [ALLOC_TEMP_Background Job.worker 12]
      Initial Block Size 32.0 KB
      Current Block Size 32.0 KB
      Peak Allocated Bytes 54 B
      Overflow Count 0
    [ALLOC_TEMP_Background Job.worker 10]
      Initial Block Size 32.0 KB
      Current Block Size 32.0 KB
      Peak Allocated Bytes 54 B
      Overflow Count 0
    [ALLOC_TEMP_Background Job.worker 9]
      Initial Block Size 32.0 KB
      Current Block Size 32.0 KB
      Peak Allocated Bytes 54 B
      Overflow Count 0
    [ALLOC_TEMP_Job.worker 0]
      Initial Block Size 256.0 KB
      Current Block Size 256.0 KB
      Peak Allocated Bytes 192 B
      Overflow Count 0
    [ALLOC_TEMP_Job.worker 4]
      Initial Block Size 256.0 KB
      Current Block Size 256.0 KB
      Peak Allocated Bytes 1.8 KB
      Overflow Count 0
    [ALLOC_TEMP_Job.worker 5]
      Initial Block Size 256.0 KB
      Current Block Size 256.0 KB
      Peak Allocated Bytes 4.3 KB
      Overflow Count 0
    [ALLOC_TEMP_Background Job.worker 8]
      Initial Block Size 32.0 KB
      Current Block Size 32.0 KB
      Peak Allocated Bytes 54 B
      Overflow Count 0
    [ALLOC_TEMP_Background Job.worker 2]
      Initial Block Size 32.0 KB
      Current Block Size 32.0 KB
      Peak Allocated Bytes 54 B
      Overflow Count 0
    [ALLOC_TEMP_Background Job.worker 1]
      Initial Block Size 32.0 KB
      Current Block Size 32.0 KB
      Peak Allocated Bytes 54 B
      Overflow Count 0
    [ALLOC_TEMP_EnlightenWorker] x 4
      Initial Block Size 64.0 KB
      Current Block Size 64.0 KB
      Peak Allocated Bytes 54 B
      Overflow Count 0
    [ALLOC_TEMP_Job.worker 1]
      Initial Block Size 256.0 KB
      Current Block Size 256.0 KB
      Peak Allocated Bytes 29.7 KB
      Overflow Count 0
    [ALLOC_TEMP_Job.worker 3]
      Initial Block Size 256.0 KB
      Current Block Size 256.0 KB
      Peak Allocated Bytes 26.2 KB
      Overflow Count 0
    [ALLOC_TEMP_Background Job.worker 5]
      Initial Block Size 32.0 KB
      Current Block Size 32.0 KB
      Peak Allocated Bytes 54 B
      Overflow Count 0
    [ALLOC_TEMP_Background Job.worker 13]
      Initial Block Size 32.0 KB
      Current Block Size 32.0 KB
      Peak Allocated Bytes 54 B
      Overflow Count 0
    [ALLOC_TEMP_UnityGfxDeviceWorker]
      Initial Block Size 256.0 KB
      Current Block Size 256.0 KB
      Peak Allocated Bytes 13.5 KB
      Overflow Count 0
    [ALLOC_TEMP_AssetGarbageCollectorHelper] x 7
      Initial Block Size 64.0 KB
      Current Block Size 64.0 KB
      Peak Allocated Bytes 138 B
      Overflow Count 0
    [ALLOC_TEMP_Background Job.worker 15]
      Initial Block Size 32.0 KB
      Current Block Size 32.0 KB
      Peak Allocated Bytes 54 B
      Overflow Count 0
    [ALLOC_TEMP_Job.worker 2]
      Initial Block Size 256.0 KB
      Current Block Size 256.0 KB
      Peak Allocated Bytes 26.2 KB
      Overflow Count 0
    [ALLOC_TEMP_Background Job.worker 0]
      Initial Block Size 32.0 KB
      Current Block Size 32.0 KB
      Peak Allocated Bytes 54 B
      Overflow Count 0
    [ALLOC_TEMP_Job.worker 6]
      Initial Block Size 256.0 KB
      Current Block Size 256.0 KB
      Peak Allocated Bytes 0.8 KB
      Overflow Count 0
    [ALLOC_TEMP_Background Job.worker 14]
      Initial Block Size 32.0 KB
      Current Block Size 32.0 KB
      Peak Allocated Bytes 54 B
      Overflow Count 0
    [ALLOC_TEMP_Loading.AsyncRead]
      Initial Block Size 64.0 KB
      Current Block Size 64.0 KB
      Peak Allocated Bytes 366 B
      Overflow Count 0
    [ALLOC_TEMP_BatchDeleteObjects]
      Initial Block Size 64.0 KB
      Current Block Size 64.0 KB
      Peak Allocated Bytes 54 B
      Overflow Count 0
[ALLOC_DEFAULT] Dual Thread Allocator
  Peak main deferred allocation count 1803
    [ALLOC_BUCKET]
      Large Block size 4.0 MB
      Used Block count 1
      Peak Allocated bytes 1.4 MB
    [ALLOC_DEFAULT_MAIN]
      Peak usage frame count: [16.0 MB-32.0 MB]: 1219 frames
      Requested Block Size 16.0 MB
      Peak Block count 2
      Peak Allocated memory 23.8 MB
      Peak Large allocation bytes 8.0 MB
    [ALLOC_DEFAULT_THREAD]
      Peak usage frame count: [16.0 MB-32.0 MB]: 1219 frames
      Requested Block Size 16.0 MB
      Peak Block count 1
      Peak Allocated memory 22.7 MB
      Peak Large allocation bytes 16.0 MB
[ALLOC_TEMP_JOB_1_FRAME]
  Initial Block Size 2.0 MB
  Used Block Count 0
  Overflow Count (too large) 0
  Overflow Count (full) 0
[ALLOC_TEMP_JOB_2_FRAMES]
  Initial Block Size 2.0 MB
  Used Block Count 0
  Overflow Count (too large) 0
  Overflow Count (full) 0
[ALLOC_TEMP_JOB_4_FRAMES (JobTemp)]
  Initial Block Size 2.0 MB
  Used Block Count 1
  Overflow Count (too large) 0
  Overflow Count (full) 0
[ALLOC_TEMP_JOB_ASYNC (Background)]
  Initial Block Size 1.0 MB
  Used Block Count 1
  Overflow Count (too large) 0
  Overflow Count (full) 0
[ALLOC_GFX] Dual Thread Allocator
  Peak main deferred allocation count 1
    [ALLOC_BUCKET]
      Large Block size 4.0 MB
      Used Block count 1
      Peak Allocated bytes 1.4 MB
    [ALLOC_GFX_MAIN]
      Peak usage frame count: [32.0 KB-64.0 KB]: 187 frames, [64.0 KB-128.0 KB]: 909 frames, [256.0 KB-0.5 MB]: 123 frames
      Requested Block Size 16.0 MB
      Peak Block count 1
      Peak Allocated memory 328.2 KB
      Peak Large allocation bytes 0 B
    [ALLOC_GFX_THREAD]
      Peak usage frame count: [1.0 KB-2.0 KB]: 266 frames, [2.0 KB-4.0 KB]: 68 frames, [128.0 KB-256.0 KB]: 885 frames
      Requested Block Size 16.0 MB
      Peak Block count 1
      Peak Allocated memory 133.5 KB
      Peak Large allocation bytes 0 B
[ALLOC_CACHEOBJECTS] Dual Thread Allocator
  Peak main deferred allocation count 34
    [ALLOC_BUCKET]
      Large Block size 4.0 MB
      Used Block count 1
      Peak Allocated bytes 1.4 MB
    [ALLOC_CACHEOBJECTS_MAIN]
      Peak usage frame count: [1.0 MB-2.0 MB]: 908 frames, [2.0 MB-4.0 MB]: 311 frames
      Requested Block Size 4.0 MB
      Peak Block count 1
      Peak Allocated memory 2.3 MB
      Peak Large allocation bytes 0 B
    [ALLOC_CACHEOBJECTS_THREAD]
      Peak usage frame count: [0.5 MB-1.0 MB]: 496 frames, [1.0 MB-2.0 MB]: 717 frames, [2.0 MB-4.0 MB]: 6 frames
      Requested Block Size 4.0 MB
      Peak Block count 1
      Peak Allocated memory 3.8 MB
      Peak Large allocation bytes 0 B
[ALLOC_TYPETREE] Dual Thread Allocator
  Peak main deferred allocation count 0
    [ALLOC_BUCKET]
      Large Block size 4.0 MB
      Used Block count 1
      Peak Allocated bytes 1.4 MB
    [ALLOC_TYPETREE_MAIN]
      Peak usage frame count: [8.0 KB-16.0 KB]: 1219 frames
      Requested Block Size 2.0 MB
      Peak Block count 1
      Peak Allocated memory 9.2 KB
      Peak Large allocation bytes 0 B
    [ALLOC_TYPETREE_THREAD]
      Peak usage frame count: [4.0 KB-8.0 KB]: 188 frames, [8.0 KB-16.0 KB]: 1031 frames
      Requested Block Size 2.0 MB
      Peak Block count 1
      Peak Allocated memory 10.2 KB
      Peak Large allocation bytes 0 B
