Mono path[0] = 'C:/Users/Thinkpad User/Documents/GitHub/Interview-Simulator/Build/Interview Simulator_Data/Managed'
Mono config path = 'C:/Users/Thinkpad User/Documents/GitHub/Interview-Simulator/Build/MonoBleedingEdge/etc'
[Physics::Module] Initialized MultithreadedJobDispatcher with 7 workers.
Initialize engine version: 2022.3.15f1 (b58023a2b463)
[Subsystems] Discovering subsystems at path C:/Users/Thinkpad User/Documents/GitHub/Interview-Simulator/Build/Interview Simulator_Data/UnitySubsystems
GfxDevice: creating device client; threaded=1; jobified=1
Direct3D:
    Version:  Direct3D 11.0 [level 11.0]
    Renderer: NVIDIA GeForce GT 730M (ID=0x1290)
    Vendor:   NVIDIA
    VRAM:     986 MB
    Driver:   25.21.14.2591
Begin MonoManager ReloadAssembly
- Loaded All Assemblies, in  0.220 seconds
- Finished resetting the current domain, in  0.002 seconds
<RI> Initializing input.
<RI> Input initialized.
<RI> Initialized touch support.
UnloadTime: 20.419500 ms
Unloading 6 Unused Serialized files (Serialized files now loaded: 0)
UnloadTime: 9.673000 ms
Unloading 7 unused Assets to reduce memory usage. Loaded Objects now: 3714.
Total: 3.370000 ms (FindLiveObjects: 0.203100 ms CreateObjectMapping: 0.050300 ms MarkObjects: 2.597000 ms  DeleteObjects: 0.519400 ms)

Unloading 6 Unused Serialized files (Serialized files now loaded: 0)
UnloadTime: 12.013900 ms
Unloading 34 unused Assets to reduce memory usage. Loaded Objects now: 1546.
Total: 1.059700 ms (FindLiveObjects: 0.117100 ms CreateObjectMapping: 0.037100 ms MarkObjects: 0.860700 ms  DeleteObjects: 0.044800 ms)

Unloading 4 Unused Serialized files (Serialized files now loaded: 0)
UnloadTime: 2.066300 ms
Unloading 94 unused Assets to reduce memory usage. Loaded Objects now: 1771.
Total: 1.412100 ms (FindLiveObjects: 0.189100 ms CreateObjectMapping: 0.061500 ms MarkObjects: 1.026600 ms  DeleteObjects: 0.134600 ms)

{"question":"Mi parli un po' di lei...","answers":[{"text":"Elenca Soft Skill","points":11.01},{"text":"Elenca Pregi","points":11.02},{"text":"Elenca Difetti","points":11.03},{"text":"Vai avanti","points":11.04}],"id":61}
End folder = End
Medico
Medico
Domanda: Quali Soft Skill possiede?
Risposte: 1) 000 [1 pt.]	 2) Leadership [1 pt.]	 3) Problem Solving [1 pt.]	 3) Time Management [1 pt.]
Domanda: Quali pregi possiede?
Risposte: 1) 000 [1 pt.]	 2) Umiltà [1 pt.]	 3) Affidabilità [1 pt.]	 3) Determinazione [1 pt.]
Domanda: Quali difetti possiede?
Risposte: 1) 000 [-1 pt.]	 2) Pigrizia [-1 pt.]	 3) Invidia [-1 pt.]	 3) Distrazione [-1 pt.]
Medico
Medico
Domanda: Quali Soft Skill possiede?
Risposte: 1) 000 [1 pt.]	 2) 000 [1 pt.]	 3) Problem Solving [1 pt.]	 3) Time Management [1 pt.]
Domanda: Quali pregi possiede?
Risposte: 1) 000 [1 pt.]	 2) 000 [1 pt.]	 3) Affidabilità [1 pt.]	 3) Determinazione [1 pt.]
Domanda: Quali difetti possiede?
Risposte: 1) 000 [-1 pt.]	 2) 000 [-1 pt.]	 3) Invidia [-1 pt.]	 3) Distrazione [-1 pt.]
Medico
Medico
Domanda: Quali Soft Skill possiede?
Risposte: 1) 000 [1 pt.]	 2) 000 [1 pt.]	 3) 000 [1 pt.]	 3) Time Management [1 pt.]
Domanda: Quali pregi possiede?
Risposte: 1) 000 [1 pt.]	 2) 000 [1 pt.]	 3) 000 [1 pt.]	 3) Determinazione [1 pt.]
Domanda: Quali difetti possiede?
Risposte: 1) 000 [-1 pt.]	 2) 000 [-1 pt.]	 3) 000 [-1 pt.]	 3) Distrazione [-1 pt.]
Medico
Medico
Domanda: Quali Soft Skill possiede?
Risposte: 1) 000 [1 pt.]	 2) 000 [1 pt.]	 3) 000 [1 pt.]	 3) 000 [1 pt.]
Domanda: Quali pregi possiede?
Risposte: 1) 000 [1 pt.]	 2) 000 [1 pt.]	 3) 000 [1 pt.]	 3) 000 [1 pt.]
Domanda: Quali difetti possiede?
Risposte: 1) 000 [-1 pt.]	 2) 000 [-1 pt.]	 3) 000 [-1 pt.]	 3) 000 [-1 pt.]
Medico
Medico
Medico
Medico
Medico
Medico
FINITE
FINITE
Unloading 2 Unused Serialized files (Serialized files now loaded: 0)
UnloadTime: 0.623900 ms
Unloading 109 unused Assets to reduce memory usage. Loaded Objects now: 1450.
Total: 1.326200 ms (FindLiveObjects: 0.096300 ms CreateObjectMapping: 0.036400 ms MarkObjects: 0.796900 ms  DeleteObjects: 0.396500 ms)

Unloading 4 Unused Serialized files (Serialized files now loaded: 0)
UnloadTime: 0.539000 ms
Unloading 5 unused Assets to reduce memory usage. Loaded Objects now: 1573.
Total: 1.506300 ms (FindLiveObjects: 0.105800 ms CreateObjectMapping: 0.044500 ms MarkObjects: 1.311300 ms  DeleteObjects: 0.044600 ms)

{"question":"Mi parli un po' di lei...","answers":[{"text":"Elenca Soft Skill","points":11.01},{"text":"Elenca Pregi","points":11.02},{"text":"Elenca Difetti","points":11.03},{"text":"Vai avanti","points":11.04}],"id":62}
End folder = End
Medico
Medico
Domanda: Quali Soft Skill possiede?
Risposte: 1) Team Working [1 pt.]	 2) Leadership [1 pt.]	 3) 000 [1 pt.]	 3) Time Management [1 pt.]
Domanda: Quali pregi possiede?
Risposte: 1) Onestà [1 pt.]	 2) Umiltà [1 pt.]	 3) 000 [1 pt.]	 3) Determinazione [1 pt.]
Domanda: Quali difetti possiede?
Risposte: 1) Rabbia [-1 pt.]	 2) Pigrizia [-1 pt.]	 3) 000 [-1 pt.]	 3) Distrazione [-1 pt.]
Medico
Medico
Domanda: Quali Soft Skill possiede?
Risposte: 1) Team Working [1 pt.]	 2) Leadership [1 pt.]	 3) 000 [1 pt.]	 3) 000 [1 pt.]
Domanda: Quali pregi possiede?
Risposte: 1) Onestà [1 pt.]	 2) Umiltà [1 pt.]	 3) 000 [1 pt.]	 3) 000 [1 pt.]
Domanda: Quali difetti possiede?
Risposte: 1) Rabbia [-1 pt.]	 2) Pigrizia [-1 pt.]	 3) 000 [-1 pt.]	 3) 000 [-1 pt.]
Medico
Medico
Domanda: Quali Soft Skill possiede?
Risposte: 1) Team Working [1 pt.]	 2) 000 [1 pt.]	 3) 000 [1 pt.]	 3) 000 [1 pt.]
Domanda: Quali pregi possiede?
Risposte: 1) Onestà [1 pt.]	 2) 000 [1 pt.]	 3) 000 [1 pt.]	 3) 000 [1 pt.]
Domanda: Quali difetti possiede?
Risposte: 1) Rabbia [-1 pt.]	 2) 000 [-1 pt.]	 3) 000 [-1 pt.]	 3) 000 [-1 pt.]
Medico
Medico
Domanda: Quali Soft Skill possiede?
Risposte: 1) 000 [1 pt.]	 2) 000 [1 pt.]	 3) 000 [1 pt.]	 3) 000 [1 pt.]
Domanda: Quali pregi possiede?
Risposte: 1) 000 [1 pt.]	 2) 000 [1 pt.]	 3) 000 [1 pt.]	 3) 000 [1 pt.]
Domanda: Quali difetti possiede?
Risposte: 1) 000 [-1 pt.]	 2) 000 [-1 pt.]	 3) 000 [-1 pt.]	 3) 000 [-1 pt.]
Medico
Medico
Medico
Medico
Medico
Medico
Medico
Medico
Unloading 5 Unused Serialized files (Serialized files now loaded: 0)
UnloadTime: 0.933600 ms
Unloading 5 unused Assets to reduce memory usage. Loaded Objects now: 1808.
Total: 1.301200 ms (FindLiveObjects: 0.120100 ms CreateObjectMapping: 0.041700 ms MarkObjects: 1.063500 ms  DeleteObjects: 0.075800 ms)

Setting up 4 worker threads for Enlighten.
Memory Statistics:
[ALLOC_TEMP_TLS] TLS Allocator
  StackAllocators : 
    [ALLOC_TEMP_MAIN]
      Peak usage frame count: [0-1.0 KB]: 5294 frames, [1.0 KB-2.0 KB]: 1 frames, [16.0 KB-32.0 KB]: 1 frames, [128.0 KB-256.0 KB]: 5 frames, [256.0 KB-0.5 MB]: 1 frames, [2.0 MB-4.0 MB]: 1 frames
      Initial Block Size 4.0 MB
      Current Block Size 4.0 MB
      Peak Allocated Bytes 2.1 MB
      Overflow Count 0
    [ALLOC_TEMP_Background Job.worker 4]
      Initial Block Size 32.0 KB
      Current Block Size 32.0 KB
      Peak Allocated Bytes 54 B
      Overflow Count 0
    [ALLOC_TEMP_Loading.PreloadManager]
      Initial Block Size 256.0 KB
      Current Block Size 256.0 KB
      Peak Allocated Bytes 67.4 KB
      Overflow Count 28
    [ALLOC_TEMP_Background Job.worker 3]
      Initial Block Size 32.0 KB
      Current Block Size 32.0 KB
      Peak Allocated Bytes 54 B
      Overflow Count 0
    [ALLOC_TEMP_Background Job.worker 11]
      Initial Block Size 32.0 KB
      Current Block Size 32.0 KB
      Peak Allocated Bytes 54 B
      Overflow Count 0
    [ALLOC_TEMP_Background Job.worker 7]
      Initial Block Size 32.0 KB
      Current Block Size 32.0 KB
      Peak Allocated Bytes 54 B
      Overflow Count 0
    [ALLOC_TEMP_Background Job.worker 6]
      Initial Block Size 32.0 KB
      Current Block Size 32.0 KB
      Peak Allocated Bytes 54 B
      Overflow Count 0
    [ALLOC_TEMP_Background Job.worker 12]
      Initial Block Size 32.0 KB
      Current Block Size 32.0 KB
      Peak Allocated Bytes 54 B
      Overflow Count 0
    [ALLOC_TEMP_Background Job.worker 2]
      Initial Block Size 32.0 KB
      Current Block Size 32.0 KB
      Peak Allocated Bytes 54 B
      Overflow Count 0
    [ALLOC_TEMP_Background Job.worker 9]
      Initial Block Size 32.0 KB
      Current Block Size 32.0 KB
      Peak Allocated Bytes 54 B
      Overflow Count 0
    [ALLOC_TEMP_Job.worker 0]
      Initial Block Size 256.0 KB
      Current Block Size 256.0 KB
      Peak Allocated Bytes 160 B
      Overflow Count 0
    [ALLOC_TEMP_Job.worker 4]
      Initial Block Size 256.0 KB
      Current Block Size 256.0 KB
      Peak Allocated Bytes 29.7 KB
      Overflow Count 0
    [ALLOC_TEMP_Job.worker 5]
      Initial Block Size 256.0 KB
      Current Block Size 256.0 KB
      Peak Allocated Bytes 0.8 KB
      Overflow Count 0
    [ALLOC_TEMP_Background Job.worker 8]
      Initial Block Size 32.0 KB
      Current Block Size 32.0 KB
      Peak Allocated Bytes 54 B
      Overflow Count 0
    [ALLOC_TEMP_Background Job.worker 10]
      Initial Block Size 32.0 KB
      Current Block Size 32.0 KB
      Peak Allocated Bytes 54 B
      Overflow Count 0
    [ALLOC_TEMP_Background Job.worker 1]
      Initial Block Size 32.0 KB
      Current Block Size 32.0 KB
      Peak Allocated Bytes 54 B
      Overflow Count 0
    [ALLOC_TEMP_EnlightenWorker] x 4
      Initial Block Size 64.0 KB
      Current Block Size 64.0 KB
      Peak Allocated Bytes 54 B
      Overflow Count 0
    [ALLOC_TEMP_Job.worker 1]
      Initial Block Size 256.0 KB
      Current Block Size 256.0 KB
      Peak Allocated Bytes 29.7 KB
      Overflow Count 0
    [ALLOC_TEMP_Job.worker 3]
      Initial Block Size 256.0 KB
      Current Block Size 256.0 KB
      Peak Allocated Bytes 21.8 KB
      Overflow Count 0
    [ALLOC_TEMP_Background Job.worker 5]
      Initial Block Size 32.0 KB
      Current Block Size 32.0 KB
      Peak Allocated Bytes 54 B
      Overflow Count 0
    [ALLOC_TEMP_Background Job.worker 13]
      Initial Block Size 32.0 KB
      Current Block Size 32.0 KB
      Peak Allocated Bytes 54 B
      Overflow Count 0
    [ALLOC_TEMP_UnityGfxDeviceWorker]
      Initial Block Size 256.0 KB
      Current Block Size 256.0 KB
      Peak Allocated Bytes 13.5 KB
      Overflow Count 0
    [ALLOC_TEMP_AssetGarbageCollectorHelper] x 7
      Initial Block Size 64.0 KB
      Current Block Size 64.0 KB
      Peak Allocated Bytes 138 B
      Overflow Count 0
    [ALLOC_TEMP_Background Job.worker 15]
      Initial Block Size 32.0 KB
      Current Block Size 32.0 KB
      Peak Allocated Bytes 54 B
      Overflow Count 0
    [ALLOC_TEMP_Job.worker 2]
      Initial Block Size 256.0 KB
      Current Block Size 256.0 KB
      Peak Allocated Bytes 25.6 KB
      Overflow Count 0
    [ALLOC_TEMP_Background Job.worker 0]
      Initial Block Size 32.0 KB
      Current Block Size 32.0 KB
      Peak Allocated Bytes 54 B
      Overflow Count 0
    [ALLOC_TEMP_Job.worker 6]
      Initial Block Size 256.0 KB
      Current Block Size 256.0 KB
      Peak Allocated Bytes 1.8 KB
      Overflow Count 0
    [ALLOC_TEMP_Background Job.worker 14]
      Initial Block Size 32.0 KB
      Current Block Size 32.0 KB
      Peak Allocated Bytes 54 B
      Overflow Count 0
    [ALLOC_TEMP_Loading.AsyncRead]
      Initial Block Size 64.0 KB
      Current Block Size 64.0 KB
      Peak Allocated Bytes 366 B
      Overflow Count 0
    [ALLOC_TEMP_BatchDeleteObjects]
      Initial Block Size 64.0 KB
      Current Block Size 64.0 KB
      Peak Allocated Bytes 54 B
      Overflow Count 0
[ALLOC_DEFAULT] Dual Thread Allocator
  Peak main deferred allocation count 1803
    [ALLOC_BUCKET]
      Large Block size 4.0 MB
      Used Block count 1
      Peak Allocated bytes 1.4 MB
    [ALLOC_DEFAULT_MAIN]
      Peak usage frame count: [16.0 MB-32.0 MB]: 5303 frames
      Requested Block Size 16.0 MB
      Peak Block count 2
      Peak Allocated memory 23.7 MB
      Peak Large allocation bytes 8.0 MB
    [ALLOC_DEFAULT_THREAD]
      Peak usage frame count: [16.0 MB-32.0 MB]: 5303 frames
      Requested Block Size 16.0 MB
      Peak Block count 1
      Peak Allocated memory 22.6 MB
      Peak Large allocation bytes 16.0 MB
[ALLOC_TEMP_JOB_1_FRAME]
  Initial Block Size 2.0 MB
  Used Block Count 0
  Overflow Count (too large) 0
  Overflow Count (full) 0
[ALLOC_TEMP_JOB_2_FRAMES]
  Initial Block Size 2.0 MB
  Used Block Count 0
  Overflow Count (too large) 0
  Overflow Count (full) 0
[ALLOC_TEMP_JOB_4_FRAMES (JobTemp)]
  Initial Block Size 2.0 MB
  Used Block Count 1
  Overflow Count (too large) 0
  Overflow Count (full) 0
[ALLOC_TEMP_JOB_ASYNC (Background)]
  Initial Block Size 1.0 MB
  Used Block Count 1
  Overflow Count (too large) 0
  Overflow Count (full) 0
[ALLOC_GFX] Dual Thread Allocator
  Peak main deferred allocation count 1
    [ALLOC_BUCKET]
      Large Block size 4.0 MB
      Used Block count 1
      Peak Allocated bytes 1.4 MB
    [ALLOC_GFX_MAIN]
      Peak usage frame count: [32.0 KB-64.0 KB]: 153 frames, [64.0 KB-128.0 KB]: 2611 frames, [128.0 KB-256.0 KB]: 2481 frames, [256.0 KB-0.5 MB]: 58 frames
      Requested Block Size 16.0 MB
      Peak Block count 1
      Peak Allocated memory 327.6 KB
      Peak Large allocation bytes 0 B
    [ALLOC_GFX_THREAD]
      Peak usage frame count: [1.0 KB-2.0 KB]: 210 frames, [2.0 KB-4.0 KB]: 59 frames, [4.0 KB-8.0 KB]: 1 frames, [128.0 KB-256.0 KB]: 5033 frames
      Requested Block Size 16.0 MB
      Peak Block count 1
      Peak Allocated memory 133.0 KB
      Peak Large allocation bytes 0 B
[ALLOC_CACHEOBJECTS] Dual Thread Allocator
  Peak main deferred allocation count 34
    [ALLOC_BUCKET]
      Large Block size 4.0 MB
      Used Block count 1
      Peak Allocated bytes 1.4 MB
    [ALLOC_CACHEOBJECTS_MAIN]
      Peak usage frame count: [1.0 MB-2.0 MB]: 5091 frames, [2.0 MB-4.0 MB]: 212 frames
      Requested Block Size 4.0 MB
      Peak Block count 1
      Peak Allocated memory 2.3 MB
      Peak Large allocation bytes 0 B
    [ALLOC_CACHEOBJECTS_THREAD]
      Peak usage frame count: [0.5 MB-1.0 MB]: 3162 frames, [1.0 MB-2.0 MB]: 2138 frames, [2.0 MB-4.0 MB]: 3 frames
      Requested Block Size 4.0 MB
      Peak Block count 1
      Peak Allocated memory 3.7 MB
      Peak Large allocation bytes 0 B
[ALLOC_TYPETREE] Dual Thread Allocator
  Peak main deferred allocation count 0
    [ALLOC_BUCKET]
      Large Block size 4.0 MB
      Used Block count 1
      Peak Allocated bytes 1.4 MB
    [ALLOC_TYPETREE_MAIN]
      Peak usage frame count: [8.0 KB-16.0 KB]: 5303 frames
      Requested Block Size 2.0 MB
      Peak Block count 1
      Peak Allocated memory 9.2 KB
      Peak Large allocation bytes 0 B
    [ALLOC_TYPETREE_THREAD]
      Peak usage frame count: [4.0 KB-8.0 KB]: 154 frames, [8.0 KB-16.0 KB]: 5149 frames
      Requested Block Size 2.0 MB
      Peak Block count 1
      Peak Allocated memory 10.2 KB
      Peak Large allocation bytes 0 B
